<?xml version="1.0" encoding="UTF-8"?>
<testng-results total="1" passed="1" failed="0" skipped="0">
  <reporter-output>
  </reporter-output>
  <suite started-at="2021-10-05T15:02:28Z" name="Default suite" finished-at="2021-10-05T15:02:38Z" duration-ms="9732">
    <groups>
    </groups>
    <test started-at="2021-10-05T15:02:28Z" name="Default test" finished-at="2021-10-05T15:02:38Z" duration-ms="9732">
      <class name="Test.RadioandCheckBox2">
        <test-method is-config="true" signature="beforeMethod()[pri:0, instance:Test.RadioandCheckBox2@791f145a]" started-at="2021-10-05T20:32:28Z" name="beforeMethod" finished-at="2021-10-05T20:32:35Z" duration-ms="6602" status="PASS">
          <reporter-output>
          </reporter-output>
        </test-method> <!-- beforeMethod -->
        <test-method signature="f()[pri:0, instance:Test.RadioandCheckBox2@791f145a]" started-at="2021-10-05T20:32:35Z" name="f" finished-at="2021-10-05T20:32:38Z" duration-ms="3110" status="PASS">
          <reporter-output>
          </reporter-output>
        </test-method> <!-- f -->
        <test-method is-config="true" signature="afterMethod()[pri:0, instance:Test.RadioandCheckBox2@791f145a]" started-at="2021-10-05T20:32:38Z" name="afterMethod" finished-at="2021-10-05T20:32:38Z" duration-ms="0" status="PASS">
          <reporter-output>
          </reporter-output>
        </test-method> <!-- afterMethod -->
      </class> <!-- Test.RadioandCheckBox2 -->
    </test> <!-- Default test -->
  </suite> <!-- Default suite -->
</testng-results>
